<?xml version="1.0" encoding="UTF-8"?>
<testsuite name="HeroServiceTest" tests="1" skipped="0" failures="0" errors="0" timestamp="2022-04-30T13:08:00" hostname="moringa-HP-EliteBook-840-G5" time="0.001">
  <properties/>
  <testcase name="add_new_hero_should_be_successful" classname="HeroServiceTest" time="0.001"/>
  <system-out><![CDATA[]]></system-out>
  <system-err><![CDATA[]]></system-err>
</testsuite>
