<?xml version="1.0" encoding="UTF-8"?>
<testsuite name="SquadServiceTest" tests="3" skipped="0" failures="0" errors="0" timestamp="2022-05-03T16:20:37" hostname="moringa-HP-EliteBook-840-G5" time="0.002">
  <properties/>
  <testcase name="add_squad_should_be_successful" classname="SquadServiceTest" time="0.001"/>
  <testcase name="add_hero_to_a_full_squad_should_throw_squad_full_exception" classname="SquadServiceTest" time="0.001"/>
  <testcase name="add_existing_squad_should_throw_squad_exists_exception" classname="SquadServiceTest" time="0.0"/>
  <system-out><![CDATA[]]></system-out>
  <system-err><![CDATA[]]></system-err>
</testsuite>
